{"/workspaces/node-coverage-lab/app.js": {"path":"/workspaces/node-coverage-lab/app.js","statementMap":{"0":{"start":{"line":2,"column":4},"end":{"line":2,"column":15}},"1":{"start":{"line":4,"column":0},"end":{"line":4,"column":23}}},"fnMap":{"0":{"name":"sum","decl":{"start":{"line":1,"column":9},"end":{"line":1,"column":12}},"loc":{"start":{"line":1,"column":18},"end":{"line":3,"column":1}},"line":1}},"branchMap":{},"s":{"0":1,"1":1},"f":{"0":1},"b":{},"_coverageSchema":"1a1c01bbd47fc00a2c39e90264f33305004495a9","hash":"a9a27957cb8230d9508f2be37dad3a76ebbd2153"}
}
